<?xml version="1.0" encoding="UTF-8"?>
<testsuite name="ParserTest" tests="3" skipped="0" failures="0" errors="0" timestamp="2025-04-23T22:46:19" hostname="DESKTOP-PVT2QIF" time="0.051">
  <properties/>
  <testcase name="testSortByName()" classname="ParserTest" time="0.039"/>
  <testcase name="testSortByRating()" classname="ParserTest" time="0.004"/>
  <testcase name="testSortByPrice()" classname="ParserTest" time="0.004"/>
  <system-out><![CDATA[]]></system-out>
  <system-err><![CDATA[]]></system-err>
</testsuite>
